Using pre-set license
Built from '2020.3/staging' branch; Version is '2020.3.10f1 (297d780c91bc) revision 2719096'; Using compiler version '192528614'; Build Type 'Release'
OS: 'Windows 10 Home; OS build 19042.985; Version 2009; 64bit' Language: 'en' Physical Memory: 16305 MB
BatchMode: 1, IsHumanControllingUs: 0, StartBugReporterOnCrash: 0, Is64bit: 1, IsPro: 0

 COMMAND LINE ARGUMENTS:
C:\Program Files\Unity\Hub\Editor\2020.3.10f1\Editor\Unity.exe
-adb2
-batchMode
-noUpm
-name
AssetImportWorker0
-projectPath
C:/Users/Sze Long/Shadow/Shadow
-logFile
Logs/AssetImportWorker0.log
-srvPort
59258
Successfully changed project path to: C:/Users/Sze Long/Shadow/Shadow
C:/Users/Sze Long/Shadow/Shadow
Using Asset Import Pipeline V2.
Refreshing native plugins compatible for Editor in 45.76 ms, found 2 plugins.
Preloading 0 native plugins for Editor in 0.00 ms.
Initialize engine version: 2020.3.10f1 (297d780c91bc)
[Subsystems] Discovering subsystems at path C:/Program Files/Unity/Hub/Editor/2020.3.10f1/Editor/Data/Resources/UnitySubsystems
[Subsystems] Discovering subsystems at path C:/Users/Sze Long/Shadow/Shadow/Assets
GfxDevice: creating device client; threaded=0
Direct3D:
    Version:  Direct3D 11.0 [level 11.1]
    Renderer: NVIDIA GeForce RTX 2070 (ID=0x1f02)
    Vendor:   
    VRAM:     8031 MB
    Driver:   27.21.14.6109
Initialize mono
Mono path[0] = 'C:/Program Files/Unity/Hub/Editor/2020.3.10f1/Editor/Data/Managed'
Mono path[1] = 'C:/Program Files/Unity/Hub/Editor/2020.3.10f1/Editor/Data/MonoBleedingEdge/lib/mono/unityjit'
Mono config path = 'C:/Program Files/Unity/Hub/Editor/2020.3.10f1/Editor/Data/MonoBleedingEdge/etc'
Using monoOptions --debugger-agent=transport=dt_socket,embedding=1,server=y,suspend=n,address=127.0.0.1:56956
Begin MonoManager ReloadAssembly
Registering precompiled unity dll's ...
Register platform support module: C:/Program Files/Unity/Hub/Editor/2020.3.10f1/Editor/Data/PlaybackEngines/WindowsStandaloneSupport/UnityEditor.WindowsStandalone.Extensions.dll
Registered in 0.002404 seconds.
Native extension for WindowsStandalone target not found
Refreshing native plugins compatible for Editor in 34.29 ms, found 2 plugins.
Preloading 0 native plugins for Editor in 0.00 ms.
Mono: successfully reloaded assembly
- Completed reload, in  1.086 seconds
Platform modules already initialized, skipping
Registering precompiled user dll's ...
Registered in 0.005627 seconds.
Begin MonoManager ReloadAssembly
Native extension for WindowsStandalone target not found
Refreshing native plugins compatible for Editor in 0.51 ms, found 2 plugins.
Preloading 0 native plugins for Editor in 0.00 ms.
Mono: successfully reloaded assembly
- Completed reload, in  0.980 seconds
Platform modules already initialized, skipping
========================================================================
Worker process is ready to serve import requests
Launched and connected shader compiler UnityShaderCompiler.exe after 0.05 seconds
Refreshing native plugins compatible for Editor in 0.39 ms, found 2 plugins.
Preloading 0 native plugins for Editor in 0.00 ms.
Unloading 1548 Unused Serialized files (Serialized files now loaded: 0)
System memory in use before: 92.5 MB.
System memory in use after: 92.6 MB.

Unloading 22 unused Assets to reduce memory usage. Loaded Objects now: 2008.
Total: 1.782100 ms (FindLiveObjects: 0.126100 ms CreateObjectMapping: 0.043600 ms MarkObjects: 1.544900 ms  DeleteObjects: 0.066600 ms)

========================================================================
Received Import Request.
  path: Assets/RedSlime.prefab
  artifactKey: Guid(44e7fc96fc4a9a245af4ddb51dee69da) Importer(815301076,1909f56bfc062723c751e8b465ee728b)
Start importing Assets/RedSlime.prefab using Guid(44e7fc96fc4a9a245af4ddb51dee69da) Importer(815301076,1909f56bfc062723c751e8b465ee728b)  -> (artifact id: '7fe5cbc874466901269a368bdd06d7d7') in 0.109142 seconds
  Import took 0.111542 seconds .

========================================================================
Received Import Request.
  Time since last request: 0.000332 seconds.
  path: Assets/characterpanel.png
  artifactKey: Guid(994268d4a667ace40b7016bb1efc6b7c) Importer(815301076,1909f56bfc062723c751e8b465ee728b)
Start importing Assets/characterpanel.png using Guid(994268d4a667ace40b7016bb1efc6b7c) Importer(815301076,1909f56bfc062723c751e8b465ee728b)  -> (artifact id: '081284653312f1c066f14e763d4e842b') in 0.067465 seconds
  Import took 0.069862 seconds .

========================================================================
Received Prepare
Refreshing native plugins compatible for Editor in 3.20 ms, found 2 plugins.
Preloading 0 native plugins for Editor in 0.00 ms.
Unloading 12 Unused Serialized files (Serialized files now loaded: 0)
System memory in use before: 64.7 MB.
System memory in use after: 64.8 MB.

Unloading 12 unused Assets to reduce memory usage. Loaded Objects now: 2018.
Total: 2.000700 ms (FindLiveObjects: 0.146700 ms CreateObjectMapping: 0.051200 ms MarkObjects: 1.750400 ms  DeleteObjects: 0.051800 ms)

========================================================================
Received Prepare
Registering precompiled user dll's ...
Registered in 0.006760 seconds.
Begin MonoManager ReloadAssembly
Native extension for WindowsStandalone target not found
Refreshing native plugins compatible for Editor in 0.40 ms, found 2 plugins.
Preloading 0 native plugins for Editor in 0.00 ms.
Mono: successfully reloaded assembly
- Completed reload, in  0.951 seconds
Platform modules already initialized, skipping
Refreshing native plugins compatible for Editor in 0.42 ms, found 2 plugins.
Preloading 0 native plugins for Editor in 0.00 ms.
Unloading 1530 Unused Serialized files (Serialized files now loaded: 0)
System memory in use before: 94.4 MB.
System memory in use after: 94.4 MB.

Unloading 14 unused Assets to reduce memory usage. Loaded Objects now: 2021.
Total: 1.867800 ms (FindLiveObjects: 0.157200 ms CreateObjectMapping: 0.042800 ms MarkObjects: 1.610700 ms  DeleteObjects: 0.056400 ms)

========================================================================
Received Import Request.
  Time since last request: 1260.701742 seconds.
  path: Assets/Scenes/StartMenu.unity
  artifactKey: Guid(55f84d5d81139bb4f8cc11be0ab6d103) Importer(815301076,1909f56bfc062723c751e8b465ee728b)
Start importing Assets/Scenes/StartMenu.unity using Guid(55f84d5d81139bb4f8cc11be0ab6d103) Importer(815301076,1909f56bfc062723c751e8b465ee728b)  -> (artifact id: 'cf745162e4d1ce3a07e3b4d5d6abde07') in 0.018193 seconds
  Import took 0.021079 seconds .

========================================================================
Received Prepare
Registering precompiled user dll's ...
Registered in 0.004897 seconds.
Begin MonoManager ReloadAssembly
Native extension for WindowsStandalone target not found
Refreshing native plugins compatible for Editor in 0.40 ms, found 2 plugins.
Preloading 0 native plugins for Editor in 0.00 ms.
Mono: successfully reloaded assembly
- Completed reload, in  0.872 seconds
Platform modules already initialized, skipping
Refreshing native plugins compatible for Editor in 0.44 ms, found 2 plugins.
Preloading 0 native plugins for Editor in 0.00 ms.
Unloading 1530 Unused Serialized files (Serialized files now loaded: 0)
System memory in use before: 94.4 MB.
System memory in use after: 94.5 MB.

Unloading 14 unused Assets to reduce memory usage. Loaded Objects now: 2024.
Total: 1.714500 ms (FindLiveObjects: 0.139900 ms CreateObjectMapping: 0.038300 ms MarkObjects: 1.477800 ms  DeleteObjects: 0.057600 ms)

========================================================================
Received Prepare
Refreshing native plugins compatible for Editor in 3.08 ms, found 2 plugins.
Preloading 0 native plugins for Editor in 0.00 ms.
Unloading 12 Unused Serialized files (Serialized files now loaded: 0)
System memory in use before: 64.4 MB.
System memory in use after: 64.4 MB.

Unloading 12 unused Assets to reduce memory usage. Loaded Objects now: 2024.
Total: 2.119300 ms (FindLiveObjects: 0.146100 ms CreateObjectMapping: 0.041800 ms MarkObjects: 1.873100 ms  DeleteObjects: 0.057600 ms)

========================================================================
Received Import Request.
  Time since last request: 204.249682 seconds.
  path: Assets/Scenes/hometown.unity
  artifactKey: Guid(0d45babf52f37d14eb79dc0f2fe698bc) Importer(815301076,1909f56bfc062723c751e8b465ee728b)
Start importing Assets/Scenes/hometown.unity using Guid(0d45babf52f37d14eb79dc0f2fe698bc) Importer(815301076,1909f56bfc062723c751e8b465ee728b)  -> (artifact id: '9628797276fa525710d2833bb631d45b') in 0.016241 seconds
  Import took 0.018855 seconds .

========================================================================
Received Prepare
Registering precompiled user dll's ...
Registered in 0.005091 seconds.
Begin MonoManager ReloadAssembly
Native extension for WindowsStandalone target not found
Refreshing native plugins compatible for Editor in 0.42 ms, found 2 plugins.
Preloading 0 native plugins for Editor in 0.00 ms.
Mono: successfully reloaded assembly
- Completed reload, in  0.868 seconds
Platform modules already initialized, skipping
Refreshing native plugins compatible for Editor in 0.45 ms, found 2 plugins.
Preloading 0 native plugins for Editor in 0.00 ms.
Unloading 1530 Unused Serialized files (Serialized files now loaded: 0)
System memory in use before: 94.4 MB.
System memory in use after: 94.5 MB.

Unloading 14 unused Assets to reduce memory usage. Loaded Objects now: 2027.
Total: 1.970000 ms (FindLiveObjects: 0.147600 ms CreateObjectMapping: 0.043700 ms MarkObjects: 1.718700 ms  DeleteObjects: 0.059300 ms)

========================================================================
Received Prepare
Registering precompiled user dll's ...
Registered in 0.005612 seconds.
Begin MonoManager ReloadAssembly
Native extension for WindowsStandalone target not found
Refreshing native plugins compatible for Editor in 0.50 ms, found 2 plugins.
Preloading 0 native plugins for Editor in 0.00 ms.
Mono: successfully reloaded assembly
- Completed reload, in  0.938 seconds
Platform modules already initialized, skipping
Refreshing native plugins compatible for Editor in 0.49 ms, found 2 plugins.
Preloading 0 native plugins for Editor in 0.00 ms.
Unloading 1530 Unused Serialized files (Serialized files now loaded: 0)
System memory in use before: 94.4 MB.
System memory in use after: 94.5 MB.

Unloading 14 unused Assets to reduce memory usage. Loaded Objects now: 2030.
Total: 2.031400 ms (FindLiveObjects: 0.165400 ms CreateObjectMapping: 0.042000 ms MarkObjects: 1.756400 ms  DeleteObjects: 0.066800 ms)

========================================================================
Received Import Request.
  Time since last request: 237.180688 seconds.
  path: Assets/Art/GamesPlusJames_RPG-Character.png
  artifactKey: Guid(6b41162d933a12b45b1e9d1054fce598) Importer(815301076,1909f56bfc062723c751e8b465ee728b)
Start importing Assets/Art/GamesPlusJames_RPG-Character.png using Guid(6b41162d933a12b45b1e9d1054fce598) Importer(815301076,1909f56bfc062723c751e8b465ee728b)  -> (artifact id: 'bafd7620764a5f026d6693c2acfe8015') in 0.085061 seconds
  Import took 0.087754 seconds .

========================================================================
Received Import Request.
  Time since last request: 0.000260 seconds.
  path: Assets/Art/slime_red.png
  artifactKey: Guid(1ce0009d7e58f5a4eaf2509a03943a9d) Importer(815301076,1909f56bfc062723c751e8b465ee728b)
Start importing Assets/Art/slime_red.png using Guid(1ce0009d7e58f5a4eaf2509a03943a9d) Importer(815301076,1909f56bfc062723c751e8b465ee728b)  -> (artifact id: 'd8261da60bfbdc3bfd27ddef19cc831b') in 0.018516 seconds
  Import took 0.021271 seconds .

========================================================================
Received Import Request.
  Time since last request: 0.000251 seconds.
  path: Assets/Art/InstructionKeys_WASD.png
  artifactKey: Guid(282bd32a27467484d86a2583cb1f17da) Importer(815301076,1909f56bfc062723c751e8b465ee728b)
Start importing Assets/Art/InstructionKeys_WASD.png using Guid(282bd32a27467484d86a2583cb1f17da) Importer(815301076,1909f56bfc062723c751e8b465ee728b)  -> (artifact id: '5542064da14369d8229325551bf21147') in 0.024305 seconds
  Import took 0.027450 seconds .

========================================================================
Received Import Request.
  Time since last request: 0.000193 seconds.
  path: Assets/Art/weapons.png
  artifactKey: Guid(3c0b52ddec475684f892bf8668c2a2a0) Importer(815301076,1909f56bfc062723c751e8b465ee728b)
Start importing Assets/Art/weapons.png using Guid(3c0b52ddec475684f892bf8668c2a2a0) Importer(815301076,1909f56bfc062723c751e8b465ee728b)  -> (artifact id: '088b06db7ad97703946e844f59b21cf3') in 0.071410 seconds
  Import took 0.073888 seconds .

========================================================================
Received Import Request.
  Time since last request: 0.000260 seconds.
  path: Assets/Art/InstructionKeys_J.png
  artifactKey: Guid(66f607bee2105ec408b3b08524501ecb) Importer(815301076,1909f56bfc062723c751e8b465ee728b)
Start importing Assets/Art/InstructionKeys_J.png using Guid(66f607bee2105ec408b3b08524501ecb) Importer(815301076,1909f56bfc062723c751e8b465ee728b)  -> (artifact id: 'd8ed352bf9c48e29c69b9408fa9a58c6') in 0.013531 seconds
  Import took 0.016306 seconds .

========================================================================
Received Import Request.
  Time since last request: 0.000313 seconds.
  path: Assets/Art/guardian.png
  artifactKey: Guid(c0fa891447fc95847808473ece1e53cd) Importer(815301076,1909f56bfc062723c751e8b465ee728b)
Start importing Assets/Art/guardian.png using Guid(c0fa891447fc95847808473ece1e53cd) Importer(815301076,1909f56bfc062723c751e8b465ee728b)  -> (artifact id: 'fce2eb9707a09e84a890aed259ea4f37') in 0.017983 seconds
  Import took 0.021149 seconds .

========================================================================
Received Import Request.
  Time since last request: 0.000234 seconds.
  path: Assets/Art/InstructionKeys_Arrows.png
  artifactKey: Guid(a94d8311cb9d2ad44863e1bc5a4725b7) Importer(815301076,1909f56bfc062723c751e8b465ee728b)
Start importing Assets/Art/InstructionKeys_Arrows.png using Guid(a94d8311cb9d2ad44863e1bc5a4725b7) Importer(815301076,1909f56bfc062723c751e8b465ee728b)  -> (artifact id: 'b3d29e2e781ed66da6a48d80ef06c8c1') in 0.014348 seconds
  Import took 0.017545 seconds .

========================================================================
Received Import Request.
  Time since last request: 0.000220 seconds.
  path: Assets/Art/InstructionKeys_Esc.png
  artifactKey: Guid(a68bcdab533006840933c3eb325ab994) Importer(815301076,1909f56bfc062723c751e8b465ee728b)
Start importing Assets/Art/InstructionKeys_Esc.png using Guid(a68bcdab533006840933c3eb325ab994) Importer(815301076,1909f56bfc062723c751e8b465ee728b)  -> (artifact id: 'dab1ef341ce3178c6db5fc68db407b80') in 0.013789 seconds
  Import took 0.016352 seconds .

========================================================================
Received Import Request.
  Time since last request: 0.000223 seconds.
  path: Assets/Art/InstructionKeys_Arrows.png
  artifactKey: Guid(a94d8311cb9d2ad44863e1bc5a4725b7) Importer(815301076,1909f56bfc062723c751e8b465ee728b)
Start importing Assets/Art/InstructionKeys_Arrows.png using Guid(a94d8311cb9d2ad44863e1bc5a4725b7) Importer(815301076,1909f56bfc062723c751e8b465ee728b)  -> (artifact id: 'b3d29e2e781ed66da6a48d80ef06c8c1') in 0.013000 seconds
  Import took 0.015658 seconds .

========================================================================
Received Import Request.
  Time since last request: 0.000256 seconds.
  path: Assets/Art/swing effects.png
  artifactKey: Guid(ce88e2e30e6606546b953e2de1b15005) Importer(815301076,1909f56bfc062723c751e8b465ee728b)
Start importing Assets/Art/swing effects.png using Guid(ce88e2e30e6606546b953e2de1b15005) Importer(815301076,1909f56bfc062723c751e8b465ee728b)  -> (artifact id: 'ff8161d17f13f7b22a259c09db3a6202') in 0.026173 seconds
  Import took 0.029109 seconds .

========================================================================
Received Import Request.
  Time since last request: 11.042087 seconds.
  path: Assets/Art/Sprites
  artifactKey: Guid(9976c48b8981d0f47911c256e3316617) Importer(815301076,1909f56bfc062723c751e8b465ee728b)
Start importing Assets/Art/Sprites using Guid(9976c48b8981d0f47911c256e3316617) Importer(815301076,1909f56bfc062723c751e8b465ee728b)  -> (artifact id: 'f348a430cf82a890843d4b61944737e4') in 0.008278 seconds
  Import took 0.011389 seconds .

========================================================================
Received Import Request.
  Time since last request: 30.685309 seconds.
  path: Assets/Art/GuardianHand.png
  artifactKey: Guid(7c8941d4f109bb34d820d219217e30e2) Importer(815301076,1909f56bfc062723c751e8b465ee728b)
Start importing Assets/Art/GuardianHand.png using Guid(7c8941d4f109bb34d820d219217e30e2) Importer(815301076,1909f56bfc062723c751e8b465ee728b)  -> (artifact id: '0d3f0da9d16640f6f3bf51e86d1ec5fd') in 0.021006 seconds
  Import took 0.024090 seconds .

========================================================================
Received Import Request.
  Time since last request: 36.652073 seconds.
  path: Assets/Art/Sprites/Sorcerer_SpriteSheet.png
  artifactKey: Guid(ead773ee3b4e1f743ba0f981fb433cad) Importer(815301076,1909f56bfc062723c751e8b465ee728b)
Start importing Assets/Art/Sprites/Sorcerer_SpriteSheet.png using Guid(ead773ee3b4e1f743ba0f981fb433cad) Importer(815301076,1909f56bfc062723c751e8b465ee728b)  -> (artifact id: '0ff93aff1197e6e10de9712675bf20cb') in 0.020014 seconds
  Import took 0.023938 seconds .

========================================================================
Received Import Request.
  Time since last request: 110.820641 seconds.
  path: Assets/Art/Sprites/Sorcerer_SpriteSheet.png
  artifactKey: Guid(ac05cd22a7ca69643a8faf57cb74c030) Importer(815301076,1909f56bfc062723c751e8b465ee728b)
Start importing Assets/Art/Sprites/Sorcerer_SpriteSheet.png using Guid(ac05cd22a7ca69643a8faf57cb74c030) Importer(815301076,1909f56bfc062723c751e8b465ee728b)  -> (artifact id: '27bae50160e3ce385ed64c948bc665b9') in 0.058068 seconds
  Import took 0.061349 seconds .

========================================================================
Received Import Request.
  Time since last request: 21.083397 seconds.
  path: Assets/Art/Sprites/FB001.png
  artifactKey: Guid(36f2fc3b5b856d84e92b6809c1643db4) Importer(815301076,1909f56bfc062723c751e8b465ee728b)
Start importing Assets/Art/Sprites/FB001.png using Guid(36f2fc3b5b856d84e92b6809c1643db4) Importer(815301076,1909f56bfc062723c751e8b465ee728b)  -> (artifact id: 'f97c45fd2066844cff9dd56f02b6e1b0') in 0.027377 seconds
  Import took 0.030592 seconds .

========================================================================
Received Import Request.
  Time since last request: 0.000269 seconds.
  path: Assets/Art/Sprites/FB005.png
  artifactKey: Guid(1de852922eee3ff46a971c29fb349f25) Importer(815301076,1909f56bfc062723c751e8b465ee728b)
Start importing Assets/Art/Sprites/FB005.png using Guid(1de852922eee3ff46a971c29fb349f25) Importer(815301076,1909f56bfc062723c751e8b465ee728b)  -> (artifact id: '6ad249b4263f7a497b8e2a2ebc822998') in 0.011122 seconds
  Import took 0.013619 seconds .

========================================================================
Received Import Request.
  Time since last request: 0.000248 seconds.
  path: Assets/Art/Sprites/FireballImpact.png
  artifactKey: Guid(cc0c21280b4b2d24693a6c3e9a910034) Importer(815301076,1909f56bfc062723c751e8b465ee728b)
Start importing Assets/Art/Sprites/FireballImpact.png using Guid(cc0c21280b4b2d24693a6c3e9a910034) Importer(815301076,1909f56bfc062723c751e8b465ee728b)  -> (artifact id: '3bfa150745ccdaf9b193c0613b20bd84') in 0.015659 seconds
  Import took 0.017931 seconds .

========================================================================
Received Import Request.
  Time since last request: 0.000239 seconds.
  path: Assets/Art/Sprites/FB004.png
  artifactKey: Guid(89c36a09437def4448230236ac80a4eb) Importer(815301076,1909f56bfc062723c751e8b465ee728b)
Start importing Assets/Art/Sprites/FB004.png using Guid(89c36a09437def4448230236ac80a4eb) Importer(815301076,1909f56bfc062723c751e8b465ee728b)  -> (artifact id: '77ae0c91ad543e96bc5e0f230e52c45c') in 0.011032 seconds
  Import took 0.013464 seconds .

========================================================================
Received Import Request.
  Time since last request: 0.000240 seconds.
  path: Assets/Art/Sprites/FB003.png
  artifactKey: Guid(b1d19fad588ca244fb2403f1c65f22be) Importer(815301076,1909f56bfc062723c751e8b465ee728b)
Start importing Assets/Art/Sprites/FB003.png using Guid(b1d19fad588ca244fb2403f1c65f22be) Importer(815301076,1909f56bfc062723c751e8b465ee728b)  -> (artifact id: 'd8d8a4c3604f49fd062eb5ba13163fa2') in 0.011320 seconds
  Import took 0.013589 seconds .

========================================================================
Received Import Request.
  Time since last request: 0.000225 seconds.
  path: Assets/Art/Sprites/FB002.png
  artifactKey: Guid(e7bb8104ff36fb846a72625253682828) Importer(815301076,1909f56bfc062723c751e8b465ee728b)
Start importing Assets/Art/Sprites/FB002.png using Guid(e7bb8104ff36fb846a72625253682828) Importer(815301076,1909f56bfc062723c751e8b465ee728b)  -> (artifact id: '6fc1d29085a4c4fcab08573a23e8fc1a') in 0.011008 seconds
  Import took 0.014113 seconds .

========================================================================
Received Import Request.
  Time since last request: 65.431801 seconds.
  path: Assets/Animations/JamesRPGTutorial
  artifactKey: Guid(ab304947e01ea8541b711bd2c9924ef5) Importer(815301076,1909f56bfc062723c751e8b465ee728b)
Start importing Assets/Animations/JamesRPGTutorial using Guid(ab304947e01ea8541b711bd2c9924ef5) Importer(815301076,1909f56bfc062723c751e8b465ee728b)  -> (artifact id: '3a63844d90a5159c12af26ac2640f951') in 0.008269 seconds
  Import took 0.011215 seconds .

========================================================================
Received Import Request.
  Time since last request: 3.004630 seconds.
  path: Assets/Animations/Player_Attack_Down.anim
  artifactKey: Guid(69d12084020311a40afd1e7829d68e57) Importer(815301076,1909f56bfc062723c751e8b465ee728b)
Start importing Assets/Animations/Player_Attack_Down.anim using Guid(69d12084020311a40afd1e7829d68e57) Importer(815301076,1909f56bfc062723c751e8b465ee728b)  -> (artifact id: 'ef373df57d67c6c47a2e8c69cbb5172d') in 0.013134 seconds
  Import took 0.015769 seconds .

========================================================================
Received Import Request.
  Time since last request: 0.000835 seconds.
  path: Assets/Animations/Player_Attack_Down.anim
  artifactKey: Guid(69d12084020311a40afd1e7829d68e57) Importer(815301076,1909f56bfc062723c751e8b465ee728b)
Start importing Assets/Animations/Player_Attack_Down.anim using Guid(69d12084020311a40afd1e7829d68e57) Importer(815301076,1909f56bfc062723c751e8b465ee728b)  -> (artifact id: 'ef373df57d67c6c47a2e8c69cbb5172d') in 0.004134 seconds
  Import took 0.006740 seconds .

========================================================================
Received Import Request.
  Time since last request: 0.760602 seconds.
  path: Assets/Animations/Player_Attack_Right.anim
  artifactKey: Guid(6521e6d46aafe1a48b0614cc536db2e3) Importer(815301076,1909f56bfc062723c751e8b465ee728b)
Start importing Assets/Animations/Player_Attack_Right.anim using Guid(6521e6d46aafe1a48b0614cc536db2e3) Importer(815301076,1909f56bfc062723c751e8b465ee728b)  -> (artifact id: 'e1148b0d4293e12104d32092944e165a') in 0.009450 seconds
  Import took 0.011840 seconds .

========================================================================
Received Import Request.
  Time since last request: 0.000574 seconds.
  path: Assets/Animations/Player_Attack_Right.anim
  artifactKey: Guid(6521e6d46aafe1a48b0614cc536db2e3) Importer(815301076,1909f56bfc062723c751e8b465ee728b)
Start importing Assets/Animations/Player_Attack_Right.anim using Guid(6521e6d46aafe1a48b0614cc536db2e3) Importer(815301076,1909f56bfc062723c751e8b465ee728b)  -> (artifact id: 'e1148b0d4293e12104d32092944e165a') in 0.003359 seconds
  Import took 0.005608 seconds .

========================================================================
Received Import Request.
  Time since last request: 0.345138 seconds.
  path: Assets/Animations/Player_Attack_Up.anim
  artifactKey: Guid(c0e7001fb08bc2349a7e4e8836e35ec6) Importer(815301076,1909f56bfc062723c751e8b465ee728b)
Start importing Assets/Animations/Player_Attack_Up.anim using Guid(c0e7001fb08bc2349a7e4e8836e35ec6) Importer(815301076,1909f56bfc062723c751e8b465ee728b)  -> (artifact id: '5d7c2f74701d6e7d8b7811ecf62d712d') in 0.008294 seconds
  Import took 0.011631 seconds .

========================================================================
Received Import Request.
  Time since last request: 0.002351 seconds.
  path: Assets/Animations/Player_Attack_Up.anim
  artifactKey: Guid(c0e7001fb08bc2349a7e4e8836e35ec6) Importer(815301076,1909f56bfc062723c751e8b465ee728b)
Start importing Assets/Animations/Player_Attack_Up.anim using Guid(c0e7001fb08bc2349a7e4e8836e35ec6) Importer(815301076,1909f56bfc062723c751e8b465ee728b)  -> (artifact id: '5d7c2f74701d6e7d8b7811ecf62d712d') in 0.004266 seconds
  Import took 0.007379 seconds .

========================================================================
Received Import Request.
  Time since last request: 0.285275 seconds.
  path: Assets/Animations/Player_FaceDown.anim
  artifactKey: Guid(50b3f28b1c9b36c4fa3795848e123078) Importer(815301076,1909f56bfc062723c751e8b465ee728b)
Start importing Assets/Animations/Player_FaceDown.anim using Guid(50b3f28b1c9b36c4fa3795848e123078) Importer(815301076,1909f56bfc062723c751e8b465ee728b)  -> (artifact id: '9834a59d267a724ac9cd02b88c57d77d') in 0.008432 seconds
  Import took 0.011164 seconds .

========================================================================
Received Import Request.
  Time since last request: 0.000945 seconds.
  path: Assets/Animations/Player_FaceDown.anim
  artifactKey: Guid(50b3f28b1c9b36c4fa3795848e123078) Importer(815301076,1909f56bfc062723c751e8b465ee728b)
Start importing Assets/Animations/Player_FaceDown.anim using Guid(50b3f28b1c9b36c4fa3795848e123078) Importer(815301076,1909f56bfc062723c751e8b465ee728b)  -> (artifact id: '9834a59d267a724ac9cd02b88c57d77d') in 0.004259 seconds
  Import took 0.006698 seconds .

========================================================================
Received Import Request.
  Time since last request: 19.989473 seconds.
  path: Assets/Animations/JamesRPGTutorial/Player_FaceDown.anim
  artifactKey: Guid(50b3f28b1c9b36c4fa3795848e123078) Importer(815301076,1909f56bfc062723c751e8b465ee728b)
Start importing Assets/Animations/JamesRPGTutorial/Player_FaceDown.anim using Guid(50b3f28b1c9b36c4fa3795848e123078) Importer(815301076,1909f56bfc062723c751e8b465ee728b)  -> (artifact id: 'ff6f9a7d351348a092e9725e3695e546') in 0.004010 seconds
  Import took 0.006880 seconds .

========================================================================
Received Import Request.
  Time since last request: 8.307461 seconds.
  path: Assets/Animations/Boom.anim
  artifactKey: Guid(b038d1eb0bb92e64a906a0d6972621da) Importer(815301076,1909f56bfc062723c751e8b465ee728b)
Start importing Assets/Animations/Boom.anim using Guid(b038d1eb0bb92e64a906a0d6972621da) Importer(815301076,1909f56bfc062723c751e8b465ee728b)  -> (artifact id: '2e79857aaa5e52a1c9198ad178c17183') in 0.009118 seconds
  Import took 0.011881 seconds .

========================================================================
Received Import Request.
  Time since last request: 0.006475 seconds.
  path: Assets/Animations/Boom.anim
  artifactKey: Guid(b038d1eb0bb92e64a906a0d6972621da) Importer(815301076,1909f56bfc062723c751e8b465ee728b)
Start importing Assets/Animations/Boom.anim using Guid(b038d1eb0bb92e64a906a0d6972621da) Importer(815301076,1909f56bfc062723c751e8b465ee728b)  -> (artifact id: '2e79857aaa5e52a1c9198ad178c17183') in 0.003284 seconds
  Import took 0.006182 seconds .

========================================================================
Received Import Request.
  Time since last request: 29.458088 seconds.
  path: Assets/Prefabs/Boom.prefab
  artifactKey: Guid(f7a0392a38303ea4ca92d492e5eecc11) Importer(815301076,1909f56bfc062723c751e8b465ee728b)
Start importing Assets/Prefabs/Boom.prefab using Guid(f7a0392a38303ea4ca92d492e5eecc11) Importer(815301076,1909f56bfc062723c751e8b465ee728b)  -> (artifact id: '9cdd0f86e6bed2fea0fbfd55eb3a36c6') in 0.009393 seconds
  Import took 0.012484 seconds .

========================================================================
Received Import Request.
  Time since last request: 0.000222 seconds.
  path: Assets/Prefabs/PauseMenuCanvas.prefab
  artifactKey: Guid(d3e0fc3ea36041a4e96504c065945a35) Importer(815301076,1909f56bfc062723c751e8b465ee728b)
Start importing Assets/Prefabs/PauseMenuCanvas.prefab using Guid(d3e0fc3ea36041a4e96504c065945a35) Importer(815301076,1909f56bfc062723c751e8b465ee728b)  -> (artifact id: 'e5854ba5437e79200b01f5321ad097f1') in 0.100873 seconds
  Import took 0.104316 seconds .

========================================================================
Received Import Request.
  Time since last request: 0.000294 seconds.
  path: Assets/Prefabs/RedSlime.prefab
  artifactKey: Guid(b723dfe5dbe27da4ba2f9de10d958078) Importer(815301076,1909f56bfc062723c751e8b465ee728b)
Start importing Assets/Prefabs/RedSlime.prefab using Guid(b723dfe5dbe27da4ba2f9de10d958078) Importer(815301076,1909f56bfc062723c751e8b465ee728b)  -> (artifact id: '08bdbcf7a8aa18fd70b25a1b6b41fd15') in 0.029787 seconds
  Import took 0.032692 seconds .

========================================================================
Received Import Request.
  Time since last request: 0.000292 seconds.
  path: Assets/Prefabs/GreenSlime.prefab
  artifactKey: Guid(88807ecfa3d0ed24eb9d7ac028f265f1) Importer(815301076,1909f56bfc062723c751e8b465ee728b)
Start importing Assets/Prefabs/GreenSlime.prefab using Guid(88807ecfa3d0ed24eb9d7ac028f265f1) Importer(815301076,1909f56bfc062723c751e8b465ee728b)  -> (artifact id: 'b0bf954f77bcbc226a7cf4ff3dc3ae6e') in 0.015842 seconds
  Import took 0.018719 seconds .

========================================================================
Received Import Request.
  Time since last request: 0.000273 seconds.
  path: Assets/Prefabs/PlayerStartPoint.prefab
  artifactKey: Guid(274694890449782488fb8e5c9f22a30e) Importer(815301076,1909f56bfc062723c751e8b465ee728b)
Start importing Assets/Prefabs/PlayerStartPoint.prefab using Guid(274694890449782488fb8e5c9f22a30e) Importer(815301076,1909f56bfc062723c751e8b465ee728b)  -> (artifact id: '134a95c6f7b8adb86bbf91d77e71d2f3') in 0.009187 seconds
  Import took 0.011866 seconds .

========================================================================
Received Import Request.
  Time since last request: 0.000309 seconds.
  path: Assets/Prefabs/Player.prefab
  artifactKey: Guid(c12ce0daac982184f8b257125e09b4ce) Importer(815301076,1909f56bfc062723c751e8b465ee728b)
Start importing Assets/Prefabs/Player.prefab using Guid(c12ce0daac982184f8b257125e09b4ce) Importer(815301076,1909f56bfc062723c751e8b465ee728b)  -> (artifact id: '3d738b51dfdd3b877ad10afee8427069') in 0.033281 seconds
  Import took 0.036793 seconds .

========================================================================
Received Import Request.
  Time since last request: 0.000246 seconds.
  path: Assets/Prefabs/StatusBox.prefab
  artifactKey: Guid(edb336832e56d6d4398028bf19cd6428) Importer(815301076,1909f56bfc062723c751e8b465ee728b)
Start importing Assets/Prefabs/StatusBox.prefab using Guid(edb336832e56d6d4398028bf19cd6428) Importer(815301076,1909f56bfc062723c751e8b465ee728b)  -> (artifact id: 'b4d7129c1351e5c68d8ea1a55086c35e') in 0.029037 seconds
  Import took 0.031984 seconds .

========================================================================
Received Import Request.
  Time since last request: 0.000269 seconds.
  path: Assets/Prefabs/Party.prefab
  artifactKey: Guid(42504f3d985a5364f8d9b6fb4863aa0c) Importer(815301076,1909f56bfc062723c751e8b465ee728b)
Start importing Assets/Prefabs/Party.prefab using Guid(42504f3d985a5364f8d9b6fb4863aa0c) Importer(815301076,1909f56bfc062723c751e8b465ee728b)  -> (artifact id: '382836367c12b309e5121a8ae7e588e5') in 0.029070 seconds
  Import took 0.031785 seconds .

========================================================================
Received Import Request.
  Time since last request: 0.000266 seconds.
  path: Assets/Prefabs/PlayerEntryPoint.prefab
  artifactKey: Guid(2b545a296773fd048abf01ab74331b44) Importer(815301076,1909f56bfc062723c751e8b465ee728b)
Start importing Assets/Prefabs/PlayerEntryPoint.prefab using Guid(2b545a296773fd048abf01ab74331b44) Importer(815301076,1909f56bfc062723c751e8b465ee728b)  -> (artifact id: '37b6118d0fcf887b07e0f2a68057d1a0') in 0.007784 seconds
  Import took 0.010009 seconds .

========================================================================
Received Import Request.
  Time since last request: 0.000257 seconds.
  path: Assets/Prefabs/Shadow.prefab
  artifactKey: Guid(e452839e937e4584692ff9238cb2ad33) Importer(815301076,1909f56bfc062723c751e8b465ee728b)
Start importing Assets/Prefabs/Shadow.prefab using Guid(e452839e937e4584692ff9238cb2ad33) Importer(815301076,1909f56bfc062723c751e8b465ee728b)  -> (artifact id: 'a927daecfd4a02e9136b08d167353272') in 0.021197 seconds
  Import took 0.023925 seconds .

========================================================================
Received Import Request.
  Time since last request: 0.000226 seconds.
  path: Assets/Prefabs/DamageNumbers.prefab
  artifactKey: Guid(f20d4060ad3bd584d8abe101b4c3dfe9) Importer(815301076,1909f56bfc062723c751e8b465ee728b)
Start importing Assets/Prefabs/DamageNumbers.prefab using Guid(f20d4060ad3bd584d8abe101b4c3dfe9) Importer(815301076,1909f56bfc062723c751e8b465ee728b)  -> (artifact id: '9aefee216e339433b90c4d3220e1f2b2') in 0.007831 seconds
  Import took 0.010205 seconds .

========================================================================
Received Import Request.
  Time since last request: 0.000216 seconds.
  path: Assets/Prefabs/StatusOverlay.prefab
  artifactKey: Guid(c6c18dbf77632d74b9e0f27369bc7d6d) Importer(815301076,1909f56bfc062723c751e8b465ee728b)
Start importing Assets/Prefabs/StatusOverlay.prefab using Guid(c6c18dbf77632d74b9e0f27369bc7d6d) Importer(815301076,1909f56bfc062723c751e8b465ee728b)  -> (artifact id: '7e89c13d15e25be4cc37a161837e0a14') in 0.023404 seconds
  Import took 0.026190 seconds .

========================================================================
Received Import Request.
  Time since last request: 119.611153 seconds.
  path: Assets/Prefabs/Fireball.prefab
  artifactKey: Guid(7b2e2a06f183b9a4298cfe77e0f9c453) Importer(815301076,1909f56bfc062723c751e8b465ee728b)
Start importing Assets/Prefabs/Fireball.prefab using Guid(7b2e2a06f183b9a4298cfe77e0f9c453) Importer(815301076,1909f56bfc062723c751e8b465ee728b)  -> (artifact id: '16f5d2dc13f8098c2a23144059164b37') in 0.018653 seconds
  Import took 0.021802 seconds .

========================================================================
Received Prepare
Registering precompiled user dll's ...
Registered in 0.004935 seconds.
Begin MonoManager ReloadAssembly
Native extension for WindowsStandalone target not found
Refreshing native plugins compatible for Editor in 0.44 ms, found 2 plugins.
Preloading 0 native plugins for Editor in 0.00 ms.
Mono: successfully reloaded assembly
- Completed reload, in  0.932 seconds
Platform modules already initialized, skipping
Refreshing native plugins compatible for Editor in 0.41 ms, found 2 plugins.
Preloading 0 native plugins for Editor in 0.00 ms.
Unloading 1531 Unused Serialized files (Serialized files now loaded: 0)
System memory in use before: 94.7 MB.
System memory in use after: 94.8 MB.

Unloading 16 unused Assets to reduce memory usage. Loaded Objects now: 2071.
Total: 2.025900 ms (FindLiveObjects: 0.161400 ms CreateObjectMapping: 0.037800 ms MarkObjects: 1.759500 ms  DeleteObjects: 0.066600 ms)

========================================================================
Received Import Request.
  Time since last request: 52.181578 seconds.
  path: Assets/Prefabs/Fireball.cs
  artifactKey: Guid(0a02ec43495ec1241b4eeffc62bcaf09) Importer(815301076,1909f56bfc062723c751e8b465ee728b)
Start importing Assets/Prefabs/Fireball.cs using Guid(0a02ec43495ec1241b4eeffc62bcaf09) Importer(815301076,1909f56bfc062723c751e8b465ee728b)  -> (artifact id: '69f8e6b7d538dc903dcb20abe7259a21') in 0.009314 seconds
  Import took 0.011884 seconds .

========================================================================
Received Import Request.
  Time since last request: 0.000377 seconds.
  path: Assets/Prefabs/Fireball.prefab
  artifactKey: Guid(7b2e2a06f183b9a4298cfe77e0f9c453) Importer(815301076,1909f56bfc062723c751e8b465ee728b)
Start importing Assets/Prefabs/Fireball.prefab using Guid(7b2e2a06f183b9a4298cfe77e0f9c453) Importer(815301076,1909f56bfc062723c751e8b465ee728b)  -> (artifact id: 'bf9118a10c335d72d0a168d7db99a20b') in 0.057101 seconds
  Import took 0.060282 seconds .

========================================================================
Received Prepare
Registering precompiled user dll's ...
Registered in 0.005887 seconds.
Begin MonoManager ReloadAssembly
Native extension for WindowsStandalone target not found
Refreshing native plugins compatible for Editor in 0.39 ms, found 2 plugins.
Preloading 0 native plugins for Editor in 0.00 ms.
Mono: successfully reloaded assembly
- Completed reload, in  0.925 seconds
Platform modules already initialized, skipping
Refreshing native plugins compatible for Editor in 0.43 ms, found 2 plugins.
Preloading 0 native plugins for Editor in 0.00 ms.
Unloading 1531 Unused Serialized files (Serialized files now loaded: 0)
System memory in use before: 94.7 MB.
System memory in use after: 94.8 MB.

Unloading 14 unused Assets to reduce memory usage. Loaded Objects now: 2075.
Total: 2.032100 ms (FindLiveObjects: 0.168900 ms CreateObjectMapping: 0.044200 ms MarkObjects: 1.759100 ms  DeleteObjects: 0.059200 ms)

========================================================================
Received Import Request.
  Time since last request: 42.632007 seconds.
  path: Assets/Prefabs/SorcererSprite.prefab
  artifactKey: Guid(3cc92b89ff2514a48bf0018e8d814d71) Importer(815301076,1909f56bfc062723c751e8b465ee728b)
Start importing Assets/Prefabs/SorcererSprite.prefab using Guid(3cc92b89ff2514a48bf0018e8d814d71) Importer(815301076,1909f56bfc062723c751e8b465ee728b)  -> (artifact id: '4e1b4e7e108066fce357668729717412') in 0.061095 seconds
  Import took 0.064347 seconds .

========================================================================
Received Prepare
Registering precompiled user dll's ...
Registered in 0.125219 seconds.
Begin MonoManager ReloadAssembly
Native extension for WindowsStandalone target not found
Refreshing native plugins compatible for Editor in 0.46 ms, found 2 plugins.
Preloading 0 native plugins for Editor in 0.00 ms.
Mono: successfully reloaded assembly
- Completed reload, in  0.967 seconds
Platform modules already initialized, skipping
Refreshing native plugins compatible for Editor in 0.42 ms, found 2 plugins.
Preloading 0 native plugins for Editor in 0.00 ms.
Unloading 1531 Unused Serialized files (Serialized files now loaded: 0)
System memory in use before: 94.7 MB.
System memory in use after: 94.8 MB.

Unloading 15 unused Assets to reduce memory usage. Loaded Objects now: 2079.
Total: 1.901000 ms (FindLiveObjects: 0.144700 ms CreateObjectMapping: 0.038400 ms MarkObjects: 1.657400 ms  DeleteObjects: 0.059700 ms)

========================================================================
Received Import Request.
  Time since last request: 818.310226 seconds.
  path: Assets/Prefabs/WaterColliders.prefab
  artifactKey: Guid(b8541d75553c9fd4ea2c44b597fa7385) Importer(815301076,1909f56bfc062723c751e8b465ee728b)
Start importing Assets/Prefabs/WaterColliders.prefab using Guid(b8541d75553c9fd4ea2c44b597fa7385) Importer(815301076,1909f56bfc062723c751e8b465ee728b)  -> (artifact id: '3d46329c8fef4e3b326ab923abf2c761') in 0.028634 seconds
  Import took 0.031832 seconds .

========================================================================
Received Import Request.
  Time since last request: 105.229080 seconds.
  path: Assets/Prefabs/RockColliders_l2.prefab
  artifactKey: Guid(187c18e90ede5b641a8841d035dd5228) Importer(815301076,1909f56bfc062723c751e8b465ee728b)
Start importing Assets/Prefabs/RockColliders_l2.prefab using Guid(187c18e90ede5b641a8841d035dd5228) Importer(815301076,1909f56bfc062723c751e8b465ee728b)  -> (artifact id: '79c129a7595baf34aaef7e4ab064a82e') in 0.008225 seconds
  Import took 0.011970 seconds .

========================================================================
Received Prepare
Registering precompiled user dll's ...
Registered in 0.006337 seconds.
Begin MonoManager ReloadAssembly
Native extension for WindowsStandalone target not found
Refreshing native plugins compatible for Editor in 0.67 ms, found 2 plugins.
Preloading 0 native plugins for Editor in 0.00 ms.
Mono: successfully reloaded assembly
- Completed reload, in  0.889 seconds
Platform modules already initialized, skipping
Refreshing native plugins compatible for Editor in 0.40 ms, found 2 plugins.
Preloading 0 native plugins for Editor in 0.00 ms.
Unloading 1531 Unused Serialized files (Serialized files now loaded: 0)
System memory in use before: 94.8 MB.
System memory in use after: 94.9 MB.

Unloading 14 unused Assets to reduce memory usage. Loaded Objects now: 2082.
Total: 1.768300 ms (FindLiveObjects: 0.173500 ms CreateObjectMapping: 0.049300 ms MarkObjects: 1.478700 ms  DeleteObjects: 0.066300 ms)

========================================================================
Received Prepare
Registering precompiled user dll's ...
Registered in 0.005186 seconds.
Begin MonoManager ReloadAssembly
Native extension for WindowsStandalone target not found
Refreshing native plugins compatible for Editor in 0.39 ms, found 2 plugins.
Preloading 0 native plugins for Editor in 0.00 ms.
Mono: successfully reloaded assembly
- Completed reload, in  0.880 seconds
Platform modules already initialized, skipping
Refreshing native plugins compatible for Editor in 1.73 ms, found 2 plugins.
Preloading 0 native plugins for Editor in 0.00 ms.
Unloading 1531 Unused Serialized files (Serialized files now loaded: 0)
System memory in use before: 94.8 MB.
System memory in use after: 94.9 MB.

Unloading 14 unused Assets to reduce memory usage. Loaded Objects now: 2085.
Total: 2.673300 ms (FindLiveObjects: 0.365400 ms CreateObjectMapping: 0.089000 ms MarkObjects: 2.132700 ms  DeleteObjects: 0.084400 ms)

========================================================================
Received Prepare
Registering precompiled user dll's ...
Registered in 0.006116 seconds.
Begin MonoManager ReloadAssembly
Native extension for WindowsStandalone target not found
Refreshing native plugins compatible for Editor in 0.41 ms, found 2 plugins.
Preloading 0 native plugins for Editor in 0.00 ms.
Mono: successfully reloaded assembly
- Completed reload, in  0.867 seconds
Platform modules already initialized, skipping
Refreshing native plugins compatible for Editor in 0.40 ms, found 2 plugins.
Preloading 0 native plugins for Editor in 0.00 ms.
Unloading 1531 Unused Serialized files (Serialized files now loaded: 0)
System memory in use before: 94.8 MB.
System memory in use after: 94.9 MB.

Unloading 14 unused Assets to reduce memory usage. Loaded Objects now: 2088.
Total: 2.077700 ms (FindLiveObjects: 0.194100 ms CreateObjectMapping: 0.058000 ms MarkObjects: 1.749400 ms  DeleteObjects: 0.075400 ms)

AssetImportWorkerClient::OnTransportError - code=2 error=End of file
